<?xml version="1.0" encoding="UTF-8"?>
<!-- Generated by org.testng.reporters.JUnitReportReporter -->
<testsuite skipped="0" hostname="LAPTOP-92KAMVTI" name="Tests.LoginPageTest" tests="1" failures="0" timestamp="10 Jun 2021 16:09:55 GMT" time="75.739" errors="0">
  <testcase name="loginPageTest" time="75.739" classname="Tests.LoginPageTest"/>
</testsuite> <!-- Tests.LoginPageTest -->
