<?xml version="1.0" encoding="UTF-8"?>
<!-- Generated by org.testng.reporters.JUnitReportReporter -->
<testsuite skipped="0" hostname="LAPTOP-92KAMVTI" name="Tests.UserDetailsPageTest" tests="1" failures="0" timestamp="10 Jun 2021 16:52:15 GMT" time="79.573" errors="0">
  <testcase name="userDetailsPageTest" time="79.573" classname="Tests.UserDetailsPageTest"/>
</testsuite> <!-- Tests.UserDetailsPageTest -->
