<?xml version="1.0" encoding="UTF-8"?>
<!-- Generated by org.testng.reporters.JUnitReportReporter -->
<testsuite skipped="0" hostname="LAPTOP-92KAMVTI" name="Tests.ProfileCreationPageTest" tests="1" failures="0" timestamp="13 Jun 2021 17:36:44 GMT" time="79.002" errors="0">
  <testcase name="profileCreationPageTest" time="79.002" classname="Tests.ProfileCreationPageTest"/>
</testsuite> <!-- Tests.ProfileCreationPageTest -->
