<?xml version="1.0" encoding="UTF-8"?>
<!-- Generated by org.testng.reporters.JUnitReportReporter -->
<testsuite skipped="0" hostname="LAPTOP-92KAMVTI" name="Tests.HomePageTest" tests="1" failures="0" timestamp="10 Jun 2021 16:30:33 GMT" time="85.757" errors="0">
  <testcase name="homePageTest" time="85.757" classname="Tests.HomePageTest"/>
</testsuite> <!-- Tests.HomePageTest -->
